<databaseChangeLog
        xmlns="http://www.liquibase.org/xml/ns/dbchangelog"
        xmlns:ext="http://www.liquibase.org/xml/ns/dbchangelog-ext"
        xmlns:xsi="http://www.w3.org/2001/XMLSchema-instance"
        xsi:schemaLocation="http://www.liquibase.org/xml/ns/dbchangelog-ext
   http://www.liquibase.org/xml/ns/dbchangelog/dbchangelog-ext.xsd
   http://www.liquibase.org/xml/ns/dbchangelog
   http://www.liquibase.org/xml/ns/dbchangelog/dbchangelog-4.15.xsd">

    <changeSet id="20220904161423" author="christopheroigo">
        <sql>
            CREATE TYPE "JSONB" AS json;
        </sql>
    </changeSet>

    <include file="/db/changelog/liquibase.change-log.xml"/>

    <changeSet id="2024:10:16:11:31" author="christopheroigo">
        <createSequence sequenceName="hibernate_sequence"
                        cycle="false"
                        startValue="1"
                        incrementBy="1"
                        maxValue="9223372036854775807"
                        schemaName="public"
                        minValue="1"/>
    </changeSet>

    <changeSet id="2024:10:16:11:33" author="christopheroigo">
        <createSequence sequenceName="hibernate_sequence"
                        cycle="false"
                        startValue="1"
                        incrementBy="1"
                        maxValue="9223372036854775807"
                        schemaName="learn"
                        minValue="1"/>
    </changeSet>

</databaseChangeLog>